<?xml version="1.0" encoding="utf-8"?>
<shfbBuild product="Sandcastle Help File Builder" version="2014.12.20.0" projectFile="C:\Users\nlopes\Documents\IPCA\EDJD\code\Técnicas de Desenvolvimento de Jogos\Pac_man\documentation.shfbproj" started="01-06-2015 23:51:48">
<buildStep step="Initializing">
Finding tools...
The Sandcastle tools are located in &#39;C:\Program Files (x86)\EWSoftware\Sandcastle Help File Builder\&#39;
Searching for HTML Help 1 compiler...
Found HTML Help 1 compiler in &#39;C:\Program Files (x86)\HTML Help Workshop\&#39;
Locating components in the following folder(s):
   C:\Users\nlopes\Documents\IPCA\EDJD\code\T&#233;cnicas de Desenvolvimento de Jogos\Pac_man
Using presentation style &#39;VS2013&#39; located in &#39;C:\Program Files (x86)\EWSoftware\Sandcastle Help File Builder\PresentationStyles\VS2013&#39;
Loading and initializing plug-ins...
Lightweight Website Style Version 2014.12.20.0
Copyright &#169; 2006-2014, Eric Woodruff, All Rights Reserved
Portions Copyright &#169; 2014, Sam Harwell, All Rights Reserved
</buildStep>
<buildStep step="ValidatingDocumentationSources">
Validating and copying documentation source information
Source: C:\Users\nlopes\Documents\IPCA\EDJD\1&#186; Ano\2&#186; Semestre\T&#233;cnicas de Desenvolvimento de Jogos Digitais\Trabalhos\The-Morkians\TDJ_ProjectoFinal\TDJ_ProjectoFinal\bin\Windows\Release\TDJ_ProjectoFinal.exe
    Found assembly &#39;C:\Users\nlopes\Documents\IPCA\EDJD\1&#186; Ano\2&#186; Semestre\T&#233;cnicas de Desenvolvimento de Jogos Digitais\Trabalhos\The-Morkians\TDJ_ProjectoFinal\TDJ_ProjectoFinal\bin\Windows\Release\TDJ_ProjectoFinal.exe&#39;
Source: C:\Users\nlopes\Documents\IPCA\EDJD\1&#186; Ano\2&#186; Semestre\T&#233;cnicas de Desenvolvimento de Jogos Digitais\Trabalhos\The-Morkians\TDJ_ProjectoFinal\TDJ_ProjectoFinal\bin\Windows\Release\TDJ_ProjectoFinal.XML

Copying XML comments files
    C:\Users\nlopes\Documents\IPCA\EDJD\1&#186; Ano\2&#186; Semestre\T&#233;cnicas de Desenvolvimento de Jogos Digitais\Trabalhos\The-Morkians\TDJ_ProjectoFinal\TDJ_ProjectoFinal\bin\Windows\Release\TDJ_ProjectoFinal.XML -&gt; C:\Users\nlopes\Documents\IPCA\EDJD\code\T&#233;cnicas de Desenvolvimento de Jogos\Pac_man\Help\Working\TDJ_ProjectoFinal.XML
</buildStep>
<buildStep step="GenerateSharedContent">
Generating shared content files (en-US, English (United States))...
<plugIn name="Lightweight Website Style" behavior="After" priority="1000">
</plugIn>    Last step completed in 00:00:00,3420
</buildStep>
<buildStep step="GenerateApiFilter">
Generating API filter for MRefBuilder...
    Last step completed in 00:00:00,0120
</buildStep>
<buildStep step="GenerateReflectionInfo">
Generating reflection information...
[C:\windows\Microsoft.NET\Framework64\v4.0.30319\MSBuild.exe]
Build started 01-06-2015 23:51:51.
Project &quot;C:\Users\nlopes\Documents\IPCA\EDJD\code\T‚cnicas de Desenvolvimento de Jogos\Pac_man\Help\Working\GenerateRefInfo.proj&quot; on node 1 (default targets).
PrepareForBuild:
  Creating directory &quot;obj\Debug\&quot;.
GenerateRefInfo:
  MRefBuilder (v2014.11.22.0)
  Copyright &#184; 2006-2014, Microsoft Corporation, All Rights Reserved.
  Portions Copyright &#184; 2006-2014, Eric Woodruff, All Rights Reserved.
  Loaded 1 assemblies for reflection and 1 dependency assemblies.
  Wrote information on 3 namespaces, 24 types, and 172 members
  Copying file from &quot;reflection.org&quot; to &quot;reflection.all&quot;.
  XslTransform (v2014.11.22.0)
  Copyright &#184; 2006-2014, Microsoft Corporation, All Rights Reserved.
  Portions Copyright &#184; 2006-2014, Eric Woodruff, All Rights Reserved.
  Applying XSL transformation &#39;C:\Program Files (x86)\EWSoftware\Sandcastle Help File Builder\ProductionTransforms\MergeDuplicates.xsl&#39;.
Done Building Project &quot;C:\Users\nlopes\Documents\IPCA\EDJD\code\T‚cnicas de Desenvolvimento de Jogos\Pac_man\Help\Working\GenerateRefInfo.proj&quot; (default targets).

Build succeeded.

Time Elapsed 00:00:04.56
    Last step completed in 00:00:06,0153
</buildStep>
<buildStep step="TransformReflectionInfo">
Transforming reflection output...
[C:\windows\Microsoft.NET\Framework64\v4.0.30319\MSBuild.exe]
Build started 01-06-2015 23:51:56.
Project &quot;C:\Users\nlopes\Documents\IPCA\EDJD\code\T‚cnicas de Desenvolvimento de Jogos\Pac_man\Help\Working\TransformManifest.proj&quot; on node 1 (default targets).
TransformManifest:
  XslTransform (v2014.11.22.0)
  Copyright &#184; 2006-2014, Microsoft Corporation, All Rights Reserved.
  Portions Copyright &#184; 2006-2014, Eric Woodruff, All Rights Reserved.
  Applying XSL transformation &#39;C:\Program Files (x86)\EWSoftware\Sandcastle Help File Builder\ProductionTransforms\ApplyVSDocModel.xsl&#39;.
  Copying file from &quot;reflection.xml&quot; to &quot;reflection.nofilenames&quot;.
  XslTransform (v2014.11.22.0)
  Copyright &#184; 2006-2014, Microsoft Corporation, All Rights Reserved.
  Portions Copyright &#184; 2006-2014, Eric Woodruff, All Rights Reserved.
  Applying XSL transformation &#39;C:\Program Files (x86)\EWSoftware\Sandcastle Help File Builder\ProductionTransforms\AddFilenames.xsl&#39;.
  XslTransform (v2014.11.22.0)
  Copyright &#184; 2006-2014, Microsoft Corporation, All Rights Reserved.
  Portions Copyright &#184; 2006-2014, Eric Woodruff, All Rights Reserved.
  Applying XSL transformation &#39;C:\Program Files (x86)\EWSoftware\Sandcastle Help File Builder\ProductionTransforms\ReflectionToManifest.xsl&#39;.
Done Building Project &quot;C:\Users\nlopes\Documents\IPCA\EDJD\code\T‚cnicas de Desenvolvimento de Jogos\Pac_man\Help\Working\TransformManifest.proj&quot; (default targets).

Build succeeded.

Time Elapsed 00:00:03.64
    Last step completed in 00:00:04,0732
</buildStep>
<buildStep step="GenerateNamespaceSummaries">
Generating namespace summary information...
    Last step completed in 00:00:00,0990
</buildStep>
<buildStep step="CopyAdditionalContent">
Copying additional content files...
No additional content to copy
    Last step completed in 00:00:00,0120
</buildStep>
<buildStep step="MergeTablesOfContents">
Merging conceptual and additional tables of contents...
    Last step completed in 00:00:00,0020
</buildStep>
<buildStep step="GenerateIntermediateTableOfContents">
Generating intermediate table of contents file...
[C:\windows\Microsoft.NET\Framework64\v4.0.30319\MSBuild.exe]
Build started 01-06-2015 23:52:00.
Project &quot;C:\Users\nlopes\Documents\IPCA\EDJD\code\T‚cnicas de Desenvolvimento de Jogos\Pac_man\Help\Working\GenerateIntermediateTOC.proj&quot; on node 1 (default targets).
GenerateIntermediateTOC:
  XslTransform (v2014.11.22.0)
  Copyright &#184; 2006-2014, Microsoft Corporation, All Rights Reserved.
  Portions Copyright &#184; 2006-2014, Eric Woodruff, All Rights Reserved.
  Applying XSL transformation &#39;C:\Program Files (x86)\EWSoftware\Sandcastle Help File Builder\ProductionTransforms\CreateVSToc.xsl&#39;.
Done Building Project &quot;C:\Users\nlopes\Documents\IPCA\EDJD\code\T‚cnicas de Desenvolvimento de Jogos\Pac_man\Help\Working\GenerateIntermediateTOC.proj&quot; (default targets).

Build succeeded.

Time Elapsed 00:00:00.29
Generating conceptual content intermediate TOC file...
    Last step completed in 00:00:00,4360
</buildStep>
<buildStep step="CreateBuildAssemblerConfigs">
Creating Sandcastle configuration files...
    sandcastle.config
    Last step completed in 00:00:01,0181
</buildStep>
<buildStep step="MergeCustomConfigs">
Merging custom build component configurations
C:\Users\nlopes\Documents\IPCA\EDJD\code\T&#233;cnicas de Desenvolvimento de Jogos\Pac_man\Help\Working\sandcastle.config
    Last step completed in 00:00:00,0410
</buildStep>
<buildStep step="BuildReferenceTopics">
Building reference help topics...
[C:\windows\Microsoft.NET\Framework64\v4.0.30319\MSBuild.exe]
Build started 01-06-2015 23:52:01.
Project &quot;C:\Users\nlopes\Documents\IPCA\EDJD\code\T‚cnicas de Desenvolvimento de Jogos\Pac_man\Help\Working\BuildReferenceTopics.proj&quot; on node 1 (default targets).
BuildReferenceTopics:
  BuildAssembler (v2014.11.22.0)
  Copyright &#184; 2006-2014, Microsoft Corporation, All Rights Reserved.
  Portions Copyright &#184; 2006-2014, Eric Woodruff, All Rights Reserved.
  Loading configuration...
  Processing topics...
BuildAssembler : warning : ShowMissingComponent: [N:TDJ_ProjectoFinal] Missing &lt;summary&gt; documentation [C:\Users\nlopes\Documents\IPCA\EDJD\code\T‚cnicas de Desenvolvimento de Jogos\Pac_man\Help\Working\BuildReferenceTopics.proj]
BuildAssembler : warning : ResolveReferenceLinksComponent: [T:TDJ_ProjectoFinal.Game1] MSDN URL not found for target &#39;M:Microsoft.Xna.Framework.Game.Run(Microsoft.Xna.Framework.GameRunBehavior)&#39;. [C:\Users\nlopes\Documents\IPCA\EDJD\code\T‚cnicas de Desenvolvimento de Jogos\Pac_man\Help\Working\BuildReferenceTopics.proj]
BuildAssembler : warning : ResolveReferenceLinksComponent: [T:TDJ_ProjectoFinal.Game1] MSDN URL not found for target &#39;P:Microsoft.Xna.Framework.Game.MaxElapsedTime&#39;. [C:\Users\nlopes\Documents\IPCA\EDJD\code\T‚cnicas de Desenvolvimento de Jogos\Pac_man\Help\Working\BuildReferenceTopics.proj]
BuildAssembler : warning : ResolveReferenceLinksComponent: [Methods.T:TDJ_ProjectoFinal.Game1] MSDN URL not found for target &#39;M:Microsoft.Xna.Framework.Game.Run(Microsoft.Xna.Framework.GameRunBehavior)&#39;. [C:\Users\nlopes\Documents\IPCA\EDJD\code\T‚cnicas de Desenvolvimento de Jogos\Pac_man\Help\Working\BuildReferenceTopics.proj]
BuildAssembler : warning : ResolveReferenceLinksComponent: [Properties.T:TDJ_ProjectoFinal.Game1] MSDN URL not found for target &#39;P:Microsoft.Xna.Framework.Game.MaxElapsedTime&#39;. [C:\Users\nlopes\Documents\IPCA\EDJD\code\T‚cnicas de Desenvolvimento de Jogos\Pac_man\Help\Working\BuildReferenceTopics.proj]
BuildAssembler : warning : ShowMissingComponent: [M:TDJ_ProjectoFinal.Game1.Draw(Microsoft.Xna.Framework.GameTime)] Missing &lt;param name=&quot;gameTime&quot;/&gt; documentation [C:\Users\nlopes\Documents\IPCA\EDJD\code\T‚cnicas de Desenvolvimento de Jogos\Pac_man\Help\Working\BuildReferenceTopics.proj]
BuildAssembler : warning : ShowMissingComponent: [M:TDJ_ProjectoFinal.Game1.newEnemyWave(TDJ_ProjectoFinal.Scene)] Missing &lt;param name=&quot;cena&quot;/&gt; documentation [C:\Users\nlopes\Documents\IPCA\EDJD\code\T‚cnicas de Desenvolvimento de Jogos\Pac_man\Help\Working\BuildReferenceTopics.proj]
BuildAssembler : warning : ShowMissingComponent: [M:TDJ_ProjectoFinal.Game1.Update(Microsoft.Xna.Framework.GameTime)] Missing &lt;param name=&quot;gameTime&quot;/&gt; documentation [C:\Users\nlopes\Documents\IPCA\EDJD\code\T‚cnicas de Desenvolvimento de Jogos\Pac_man\Help\Working\BuildReferenceTopics.proj]
BuildAssembler : warning : ShowMissingComponent: [M:TDJ_ProjectoFinal.Scene.Collides(TDJ_ProjectoFinal.graficos.Sprite,TDJ_ProjectoFinal.graficos.Sprite@,Microsoft.Xna.Framework.Vector2@,System.Collections.Generic.List{TDJ_ProjectoFinal.graficos.Sprite})] Missing &lt;returns&gt; documentation [C:\Users\nlopes\Documents\IPCA\EDJD\code\T‚cnicas de Desenvolvimento de Jogos\Pac_man\Help\Working\BuildReferenceTopics.proj]
BuildAssembler : warning : ShowMissingComponent: [N:TDJ_ProjectoFinal.entidades] Missing &lt;summary&gt; documentation [C:\Users\nlopes\Documents\IPCA\EDJD\code\T‚cnicas de Desenvolvimento de Jogos\Pac_man\Help\Working\BuildReferenceTopics.proj]
BuildAssembler : warning : ShowMissingComponent: [M:TDJ_ProjectoFinal.entidades.EnemyManager.removeEnemy(TDJ_ProjectoFinal.entidades.NPC)] Missing &lt;param name=&quot;enemy&quot;/&gt; documentation [C:\Users\nlopes\Documents\IPCA\EDJD\code\T‚cnicas de Desenvolvimento de Jogos\Pac_man\Help\Working\BuildReferenceTopics.proj]
BuildAssembler : warning : ShowMissingComponent: [M:TDJ_ProjectoFinal.entidades.NPC.#ctor(Microsoft.Xna.Framework.Content.ContentManager,System.String,TDJ_ProjectoFinal.entidades.TipoNave,System.Single,System.Random)] Missing &lt;param name=&quot;contents&quot;/&gt; documentation [C:\Users\nlopes\Documents\IPCA\EDJD\code\T‚cnicas de Desenvolvimento de Jogos\Pac_man\Help\Working\BuildReferenceTopics.proj]
BuildAssembler : warning : ShowMissingComponent: [M:TDJ_ProjectoFinal.entidades.NPC.#ctor(Microsoft.Xna.Framework.Content.ContentManager,System.String,TDJ_ProjectoFinal.entidades.TipoNave,System.Single,System.Random)] Missing &lt;param name=&quot;assetName&quot;/&gt; documentation [C:\Users\nlopes\Documents\IPCA\EDJD\code\T‚cnicas de Desenvolvimento de Jogos\Pac_man\Help\Working\BuildReferenceTopics.proj]
BuildAssembler : warning : ShowMissingComponent: [M:TDJ_ProjectoFinal.entidades.NPC.#ctor(Microsoft.Xna.Framework.Content.ContentManager,System.String,TDJ_ProjectoFinal.entidades.TipoNave,System.Single,System.Random)] Missing &lt;param name=&quot;tipoNave&quot;/&gt; documentation [C:\Users\nlopes\Documents\IPCA\EDJD\code\T‚cnicas de Desenvolvimento de Jogos\Pac_man\Help\Working\BuildReferenceTopics.proj]
BuildAssembler : warning : ShowMissingComponent: [M:TDJ_ProjectoFinal.entidades.NPC.#ctor(Microsoft.Xna.Framework.Content.ContentManager,System.String,TDJ_ProjectoFinal.entidades.TipoNave,System.Single,System.Random)] Missing &lt;param name=&quot;Scl&quot;/&gt; documentation [C:\Users\nlopes\Documents\IPCA\EDJD\code\T‚cnicas de Desenvolvimento de Jogos\Pac_man\Help\Working\BuildReferenceTopics.proj]
BuildAssembler : warning : ShowMissingComponent: [M:TDJ_ProjectoFinal.entidades.NPC.#ctor(Microsoft.Xna.Framework.Content.ContentManager,System.String,TDJ_ProjectoFinal.entidades.TipoNave,System.Single,System.Random)] Missing &lt;param name=&quot;random&quot;/&gt; documentation [C:\Users\nlopes\Documents\IPCA\EDJD\code\T‚cnicas de Desenvolvimento de Jogos\Pac_man\Help\Working\BuildReferenceTopics.proj]
BuildAssembler : warning : ShowMissingComponent: [M:TDJ_ProjectoFinal.entidades.NPC.At(Microsoft.Xna.Framework.Vector2)] Missing &lt;returns&gt; documentation [C:\Users\nlopes\Documents\IPCA\EDJD\code\T‚cnicas de Desenvolvimento de Jogos\Pac_man\Help\Working\BuildReferenceTopics.proj]
BuildAssembler : warning : ShowMissingComponent: [M:TDJ_ProjectoFinal.entidades.Player.#ctor(Microsoft.Xna.Framework.Content.ContentManager,System.String,TDJ_ProjectoFinal.entidades.TipoBala)] Missing &lt;param name=&quot;contents&quot;/&gt; documentation [C:\Users\nlopes\Documents\IPCA\EDJD\code\T‚cnicas de Desenvolvimento de Jogos\Pac_man\Help\Working\BuildReferenceTopics.proj]
BuildAssembler : warning : ShowMissingComponent: [M:TDJ_ProjectoFinal.entidades.Player.#ctor(Microsoft.Xna.Framework.Content.ContentManager,System.String,TDJ_ProjectoFinal.entidades.TipoBala)] Missing &lt;param name=&quot;assetName&quot;/&gt; documentation [C:\Users\nlopes\Documents\IPCA\EDJD\code\T‚cnicas de Desenvolvimento de Jogos\Pac_man\Help\Working\BuildReferenceTopics.proj]
BuildAssembler : warning : ShowMissingComponent: [M:TDJ_ProjectoFinal.entidades.Player.#ctor(Microsoft.Xna.Framework.Content.ContentManager,System.String,TDJ_ProjectoFinal.entidades.TipoBala)] Missing &lt;param name=&quot;tipobala&quot;/&gt; documentation [C:\Users\nlopes\Documents\IPCA\EDJD\code\T‚cnicas de Desenvolvimento de Jogos\Pac_man\Help\Working\BuildReferenceTopics.proj]
BuildAssembler : warning : ShowMissingComponent: [N:TDJ_ProjectoFinal.graficos] Missing &lt;summary&gt; documentation [C:\Users\nlopes\Documents\IPCA\EDJD\code\T‚cnicas de Desenvolvimento de Jogos\Pac_man\Help\Working\BuildReferenceTopics.proj]
BuildAssembler : warning : ShowMissingComponent: [M:TDJ_ProjectoFinal.graficos.Sprite.GetColorAt(System.Int32,System.Int32)] Missing &lt;returns&gt; documentation [C:\Users\nlopes\Documents\IPCA\EDJD\code\T‚cnicas de Desenvolvimento de Jogos\Pac_man\Help\Working\BuildReferenceTopics.proj]
BuildAssembler : warning : ShowMissingComponent: [M:TDJ_ProjectoFinal.graficos.Sprite.GetColorAt(System.Int32,System.Int32)] Missing &lt;param name=&quot;x&quot;/&gt; documentation [C:\Users\nlopes\Documents\IPCA\EDJD\code\T‚cnicas de Desenvolvimento de Jogos\Pac_man\Help\Working\BuildReferenceTopics.proj]
BuildAssembler : warning : ShowMissingComponent: [M:TDJ_ProjectoFinal.graficos.Sprite.GetColorAt(System.Int32,System.Int32)] Missing &lt;param name=&quot;y&quot;/&gt; documentation [C:\Users\nlopes\Documents\IPCA\EDJD\code\T‚cnicas de Desenvolvimento de Jogos\Pac_man\Help\Working\BuildReferenceTopics.proj]
BuildAssembler : warning : ShowMissingComponent: [P:TDJ_ProjectoFinal.graficos.Sprite.HasCollisions] Missing &lt;summary&gt; documentation [C:\Users\nlopes\Documents\IPCA\EDJD\code\T‚cnicas de Desenvolvimento de Jogos\Pac_man\Help\Working\BuildReferenceTopics.proj]
BuildAssembler : warning : ShowMissingComponent: [F:TDJ_ProjectoFinal.graficos.Sprite.pixelsize] Missing &lt;summary&gt; documentation [C:\Users\nlopes\Documents\IPCA\EDJD\code\T‚cnicas de Desenvolvimento de Jogos\Pac_man\Help\Working\BuildReferenceTopics.proj]
  Processed 212 topic(s)
  26 warning(s)
  CopyFromIndexComponent: &quot;reflection&quot; in-memory cache entries used: 3 of 15.
  CopyFromIndexComponent: &quot;comments&quot; in-memory cache entries used: 3 of 30.
  ResolveReferenceLinksComponent: New MSDN content ID cache size: 79 entries
Done Building Project &quot;C:\Users\nlopes\Documents\IPCA\EDJD\code\T‚cnicas de Desenvolvimento de Jogos\Pac_man\Help\Working\BuildReferenceTopics.proj&quot; (default targets).

Build succeeded.

Time Elapsed 00:00:55.89
    Last step completed in 00:00:56,0562
</buildStep>
<buildStep step="CombiningIntermediateTocFiles">
Combining conceptual and API intermediate TOC files...
    Last step completed in 00:00:00,0040
</buildStep>
<buildStep step="ExtractingHtmlInfo">
Extracting HTML info for HTML Help 1 and/or website...
[C:\windows\Microsoft.NET\Framework64\v4.0.30319\MSBuild.exe]
Sandcastle Help File Builder, version 2014.12.20.0
Copyright &#184; 2006-2014, Eric Woodruff, All Rights Reserved
E-Mail: Eric@EWoodruff.us

Using LCID &#39;1033&#39;, code page &#39;65001&#39;, encoding charset &#39;UTF-8&#39;.

Processing Help 1 files in C:\Users\nlopes\Documents\IPCA\EDJD\code\T‚cnicas de Desenvolvimento de Jogos\Pac_man\Help\Working\Output\HtmlHelp1
Processed 212 HTML files
Sorting keywords and generating See Also indices
Saving HTML Help 1 keyword index to C:\Users\nlopes\Documents\IPCA\EDJD\code\T‚cnicas de Desenvolvimento de Jogos\Pac_man\Help\Working\Documentation.hhk
Saving HTML Help 1 table of contents to C:\Users\nlopes\Documents\IPCA\EDJD\code\T‚cnicas de Desenvolvimento de Jogos\Pac_man\Help\Working\Documentation.hhc
    Last step completed in 00:00:01,5901
</buildStep>
<buildStep step="CopyStandardHelpContent">
Copying standard help content...
C:\Program Files (x86)\EWSoftware\Sandcastle Help File Builder\PresentationStyles\VS2013\icons\AlertCaution.png -&gt; C:\Users\nlopes\Documents\IPCA\EDJD\code\T&#233;cnicas de Desenvolvimento de Jogos\Pac_man\Help\Working\Output\HtmlHelp1\icons\AlertCaution.png
C:\Program Files (x86)\EWSoftware\Sandcastle Help File Builder\PresentationStyles\VS2013\icons\AlertNote.png -&gt; C:\Users\nlopes\Documents\IPCA\EDJD\code\T&#233;cnicas de Desenvolvimento de Jogos\Pac_man\Help\Working\Output\HtmlHelp1\icons\AlertNote.png
C:\Program Files (x86)\EWSoftware\Sandcastle Help File Builder\PresentationStyles\VS2013\icons\AlertSecurity.png -&gt; C:\Users\nlopes\Documents\IPCA\EDJD\code\T&#233;cnicas de Desenvolvimento de Jogos\Pac_man\Help\Working\Output\HtmlHelp1\icons\AlertSecurity.png
C:\Program Files (x86)\EWSoftware\Sandcastle Help File Builder\PresentationStyles\VS2013\icons\CFW.gif -&gt; C:\Users\nlopes\Documents\IPCA\EDJD\code\T&#233;cnicas de Desenvolvimento de Jogos\Pac_man\Help\Working\Output\HtmlHelp1\icons\CFW.gif
C:\Program Files (x86)\EWSoftware\Sandcastle Help File Builder\PresentationStyles\VS2013\icons\CodeExample.png -&gt; C:\Users\nlopes\Documents\IPCA\EDJD\code\T&#233;cnicas de Desenvolvimento de Jogos\Pac_man\Help\Working\Output\HtmlHelp1\icons\CodeExample.png
C:\Program Files (x86)\EWSoftware\Sandcastle Help File Builder\PresentationStyles\VS2013\icons\favicon.ico -&gt; C:\Users\nlopes\Documents\IPCA\EDJD\code\T&#233;cnicas de Desenvolvimento de Jogos\Pac_man\Help\Working\Output\HtmlHelp1\icons\favicon.ico
C:\Program Files (x86)\EWSoftware\Sandcastle Help File Builder\PresentationStyles\VS2013\icons\privclass.gif -&gt; C:\Users\nlopes\Documents\IPCA\EDJD\code\T&#233;cnicas de Desenvolvimento de Jogos\Pac_man\Help\Working\Output\HtmlHelp1\icons\privclass.gif
C:\Program Files (x86)\EWSoftware\Sandcastle Help File Builder\PresentationStyles\VS2013\icons\privdelegate.gif -&gt; C:\Users\nlopes\Documents\IPCA\EDJD\code\T&#233;cnicas de Desenvolvimento de Jogos\Pac_man\Help\Working\Output\HtmlHelp1\icons\privdelegate.gif
C:\Program Files (x86)\EWSoftware\Sandcastle Help File Builder\PresentationStyles\VS2013\icons\privenumeration.gif -&gt; C:\Users\nlopes\Documents\IPCA\EDJD\code\T&#233;cnicas de Desenvolvimento de Jogos\Pac_man\Help\Working\Output\HtmlHelp1\icons\privenumeration.gif
C:\Program Files (x86)\EWSoftware\Sandcastle Help File Builder\PresentationStyles\VS2013\icons\privevent.gif -&gt; C:\Users\nlopes\Documents\IPCA\EDJD\code\T&#233;cnicas de Desenvolvimento de Jogos\Pac_man\Help\Working\Output\HtmlHelp1\icons\privevent.gif
C:\Program Files (x86)\EWSoftware\Sandcastle Help File Builder\PresentationStyles\VS2013\icons\privextension.gif -&gt; C:\Users\nlopes\Documents\IPCA\EDJD\code\T&#233;cnicas de Desenvolvimento de Jogos\Pac_man\Help\Working\Output\HtmlHelp1\icons\privextension.gif
C:\Program Files (x86)\EWSoftware\Sandcastle Help File Builder\PresentationStyles\VS2013\icons\privfield.gif -&gt; C:\Users\nlopes\Documents\IPCA\EDJD\code\T&#233;cnicas de Desenvolvimento de Jogos\Pac_man\Help\Working\Output\HtmlHelp1\icons\privfield.gif
C:\Program Files (x86)\EWSoftware\Sandcastle Help File Builder\PresentationStyles\VS2013\icons\privinterface.gif -&gt; C:\Users\nlopes\Documents\IPCA\EDJD\code\T&#233;cnicas de Desenvolvimento de Jogos\Pac_man\Help\Working\Output\HtmlHelp1\icons\privinterface.gif
C:\Program Files (x86)\EWSoftware\Sandcastle Help File Builder\PresentationStyles\VS2013\icons\privmethod.gif -&gt; C:\Users\nlopes\Documents\IPCA\EDJD\code\T&#233;cnicas de Desenvolvimento de Jogos\Pac_man\Help\Working\Output\HtmlHelp1\icons\privmethod.gif
C:\Program Files (x86)\EWSoftware\Sandcastle Help File Builder\PresentationStyles\VS2013\icons\privproperty.gif -&gt; C:\Users\nlopes\Documents\IPCA\EDJD\code\T&#233;cnicas de Desenvolvimento de Jogos\Pac_man\Help\Working\Output\HtmlHelp1\icons\privproperty.gif
C:\Program Files (x86)\EWSoftware\Sandcastle Help File Builder\PresentationStyles\VS2013\icons\privstructure.gif -&gt; C:\Users\nlopes\Documents\IPCA\EDJD\code\T&#233;cnicas de Desenvolvimento de Jogos\Pac_man\Help\Working\Output\HtmlHelp1\icons\privstructure.gif
C:\Program Files (x86)\EWSoftware\Sandcastle Help File Builder\PresentationStyles\VS2013\icons\protclass.gif -&gt; C:\Users\nlopes\Documents\IPCA\EDJD\code\T&#233;cnicas de Desenvolvimento de Jogos\Pac_man\Help\Working\Output\HtmlHelp1\icons\protclass.gif
C:\Program Files (x86)\EWSoftware\Sandcastle Help File Builder\PresentationStyles\VS2013\icons\protdelegate.gif -&gt; C:\Users\nlopes\Documents\IPCA\EDJD\code\T&#233;cnicas de Desenvolvimento de Jogos\Pac_man\Help\Working\Output\HtmlHelp1\icons\protdelegate.gif
C:\Program Files (x86)\EWSoftware\Sandcastle Help File Builder\PresentationStyles\VS2013\icons\protenumeration.gif -&gt; C:\Users\nlopes\Documents\IPCA\EDJD\code\T&#233;cnicas de Desenvolvimento de Jogos\Pac_man\Help\Working\Output\HtmlHelp1\icons\protenumeration.gif
C:\Program Files (x86)\EWSoftware\Sandcastle Help File Builder\PresentationStyles\VS2013\icons\protevent.gif -&gt; C:\Users\nlopes\Documents\IPCA\EDJD\code\T&#233;cnicas de Desenvolvimento de Jogos\Pac_man\Help\Working\Output\HtmlHelp1\icons\protevent.gif
C:\Program Files (x86)\EWSoftware\Sandcastle Help File Builder\PresentationStyles\VS2013\icons\protextension.gif -&gt; C:\Users\nlopes\Documents\IPCA\EDJD\code\T&#233;cnicas de Desenvolvimento de Jogos\Pac_man\Help\Working\Output\HtmlHelp1\icons\protextension.gif
C:\Program Files (x86)\EWSoftware\Sandcastle Help File Builder\PresentationStyles\VS2013\icons\protfield.gif -&gt; C:\Users\nlopes\Documents\IPCA\EDJD\code\T&#233;cnicas de Desenvolvimento de Jogos\Pac_man\Help\Working\Output\HtmlHelp1\icons\protfield.gif
C:\Program Files (x86)\EWSoftware\Sandcastle Help File Builder\PresentationStyles\VS2013\icons\protinterface.gif -&gt; C:\Users\nlopes\Documents\IPCA\EDJD\code\T&#233;cnicas de Desenvolvimento de Jogos\Pac_man\Help\Working\Output\HtmlHelp1\icons\protinterface.gif
C:\Program Files (x86)\EWSoftware\Sandcastle Help File Builder\PresentationStyles\VS2013\icons\protmethod.gif -&gt; C:\Users\nlopes\Documents\IPCA\EDJD\code\T&#233;cnicas de Desenvolvimento de Jogos\Pac_man\Help\Working\Output\HtmlHelp1\icons\protmethod.gif
C:\Program Files (x86)\EWSoftware\Sandcastle Help File Builder\PresentationStyles\VS2013\icons\protoperator.gif -&gt; C:\Users\nlopes\Documents\IPCA\EDJD\code\T&#233;cnicas de Desenvolvimento de Jogos\Pac_man\Help\Working\Output\HtmlHelp1\icons\protoperator.gif
C:\Program Files (x86)\EWSoftware\Sandcastle Help File Builder\PresentationStyles\VS2013\icons\protproperty.gif -&gt; C:\Users\nlopes\Documents\IPCA\EDJD\code\T&#233;cnicas de Desenvolvimento de Jogos\Pac_man\Help\Working\Output\HtmlHelp1\icons\protproperty.gif
C:\Program Files (x86)\EWSoftware\Sandcastle Help File Builder\PresentationStyles\VS2013\icons\protstructure.gif -&gt; C:\Users\nlopes\Documents\IPCA\EDJD\code\T&#233;cnicas de Desenvolvimento de Jogos\Pac_man\Help\Working\Output\HtmlHelp1\icons\protstructure.gif
C:\Program Files (x86)\EWSoftware\Sandcastle Help File Builder\PresentationStyles\VS2013\icons\pubclass.gif -&gt; C:\Users\nlopes\Documents\IPCA\EDJD\code\T&#233;cnicas de Desenvolvimento de Jogos\Pac_man\Help\Working\Output\HtmlHelp1\icons\pubclass.gif
C:\Program Files (x86)\EWSoftware\Sandcastle Help File Builder\PresentationStyles\VS2013\icons\pubdelegate.gif -&gt; C:\Users\nlopes\Documents\IPCA\EDJD\code\T&#233;cnicas de Desenvolvimento de Jogos\Pac_man\Help\Working\Output\HtmlHelp1\icons\pubdelegate.gif
C:\Program Files (x86)\EWSoftware\Sandcastle Help File Builder\PresentationStyles\VS2013\icons\pubenumeration.gif -&gt; C:\Users\nlopes\Documents\IPCA\EDJD\code\T&#233;cnicas de Desenvolvimento de Jogos\Pac_man\Help\Working\Output\HtmlHelp1\icons\pubenumeration.gif
C:\Program Files (x86)\EWSoftware\Sandcastle Help File Builder\PresentationStyles\VS2013\icons\pubevent.gif -&gt; C:\Users\nlopes\Documents\IPCA\EDJD\code\T&#233;cnicas de Desenvolvimento de Jogos\Pac_man\Help\Working\Output\HtmlHelp1\icons\pubevent.gif
C:\Program Files (x86)\EWSoftware\Sandcastle Help File Builder\PresentationStyles\VS2013\icons\pubextension.gif -&gt; C:\Users\nlopes\Documents\IPCA\EDJD\code\T&#233;cnicas de Desenvolvimento de Jogos\Pac_man\Help\Working\Output\HtmlHelp1\icons\pubextension.gif
C:\Program Files (x86)\EWSoftware\Sandcastle Help File Builder\PresentationStyles\VS2013\icons\pubfield.gif -&gt; C:\Users\nlopes\Documents\IPCA\EDJD\code\T&#233;cnicas de Desenvolvimento de Jogos\Pac_man\Help\Working\Output\HtmlHelp1\icons\pubfield.gif
C:\Program Files (x86)\EWSoftware\Sandcastle Help File Builder\PresentationStyles\VS2013\icons\pubinterface.gif -&gt; C:\Users\nlopes\Documents\IPCA\EDJD\code\T&#233;cnicas de Desenvolvimento de Jogos\Pac_man\Help\Working\Output\HtmlHelp1\icons\pubinterface.gif
C:\Program Files (x86)\EWSoftware\Sandcastle Help File Builder\PresentationStyles\VS2013\icons\pubmethod.gif -&gt; C:\Users\nlopes\Documents\IPCA\EDJD\code\T&#233;cnicas de Desenvolvimento de Jogos\Pac_man\Help\Working\Output\HtmlHelp1\icons\pubmethod.gif
C:\Program Files (x86)\EWSoftware\Sandcastle Help File Builder\PresentationStyles\VS2013\icons\puboperator.gif -&gt; C:\Users\nlopes\Documents\IPCA\EDJD\code\T&#233;cnicas de Desenvolvimento de Jogos\Pac_man\Help\Working\Output\HtmlHelp1\icons\puboperator.gif
C:\Program Files (x86)\EWSoftware\Sandcastle Help File Builder\PresentationStyles\VS2013\icons\pubproperty.gif -&gt; C:\Users\nlopes\Documents\IPCA\EDJD\code\T&#233;cnicas de Desenvolvimento de Jogos\Pac_man\Help\Working\Output\HtmlHelp1\icons\pubproperty.gif
C:\Program Files (x86)\EWSoftware\Sandcastle Help File Builder\PresentationStyles\VS2013\icons\pubstructure.gif -&gt; C:\Users\nlopes\Documents\IPCA\EDJD\code\T&#233;cnicas de Desenvolvimento de Jogos\Pac_man\Help\Working\Output\HtmlHelp1\icons\pubstructure.gif
C:\Program Files (x86)\EWSoftware\Sandcastle Help File Builder\PresentationStyles\VS2013\icons\SectionCollapsed.png -&gt; C:\Users\nlopes\Documents\IPCA\EDJD\code\T&#233;cnicas de Desenvolvimento de Jogos\Pac_man\Help\Working\Output\HtmlHelp1\icons\SectionCollapsed.png
C:\Program Files (x86)\EWSoftware\Sandcastle Help File Builder\PresentationStyles\VS2013\icons\SectionExpanded.png -&gt; C:\Users\nlopes\Documents\IPCA\EDJD\code\T&#233;cnicas de Desenvolvimento de Jogos\Pac_man\Help\Working\Output\HtmlHelp1\icons\SectionExpanded.png
C:\Program Files (x86)\EWSoftware\Sandcastle Help File Builder\PresentationStyles\VS2013\icons\slMobile.gif -&gt; C:\Users\nlopes\Documents\IPCA\EDJD\code\T&#233;cnicas de Desenvolvimento de Jogos\Pac_man\Help\Working\Output\HtmlHelp1\icons\slMobile.gif
C:\Program Files (x86)\EWSoftware\Sandcastle Help File Builder\PresentationStyles\VS2013\icons\static.gif -&gt; C:\Users\nlopes\Documents\IPCA\EDJD\code\T&#233;cnicas de Desenvolvimento de Jogos\Pac_man\Help\Working\Output\HtmlHelp1\icons\static.gif
C:\Program Files (x86)\EWSoftware\Sandcastle Help File Builder\PresentationStyles\VS2013\icons\xna.gif -&gt; C:\Users\nlopes\Documents\IPCA\EDJD\code\T&#233;cnicas de Desenvolvimento de Jogos\Pac_man\Help\Working\Output\HtmlHelp1\icons\xna.gif
C:\Program Files (x86)\EWSoftware\Sandcastle Help File Builder\PresentationStyles\VS2013\scripts\branding.js -&gt; C:\Users\nlopes\Documents\IPCA\EDJD\code\T&#233;cnicas de Desenvolvimento de Jogos\Pac_man\Help\Working\Output\HtmlHelp1\scripts\branding.js
C:\Program Files (x86)\EWSoftware\Sandcastle Help File Builder\PresentationStyles\VS2013\styles\branding-cs-CZ.css -&gt; C:\Users\nlopes\Documents\IPCA\EDJD\code\T&#233;cnicas de Desenvolvimento de Jogos\Pac_man\Help\Working\Output\HtmlHelp1\styles\branding-cs-CZ.css
C:\Program Files (x86)\EWSoftware\Sandcastle Help File Builder\PresentationStyles\VS2013\styles\branding-de-DE.css -&gt; C:\Users\nlopes\Documents\IPCA\EDJD\code\T&#233;cnicas de Desenvolvimento de Jogos\Pac_man\Help\Working\Output\HtmlHelp1\styles\branding-de-DE.css
C:\Program Files (x86)\EWSoftware\Sandcastle Help File Builder\PresentationStyles\VS2013\styles\branding-en-US.css -&gt; C:\Users\nlopes\Documents\IPCA\EDJD\code\T&#233;cnicas de Desenvolvimento de Jogos\Pac_man\Help\Working\Output\HtmlHelp1\styles\branding-en-US.css
C:\Program Files (x86)\EWSoftware\Sandcastle Help File Builder\PresentationStyles\VS2013\styles\branding-es-ES.css -&gt; C:\Users\nlopes\Documents\IPCA\EDJD\code\T&#233;cnicas de Desenvolvimento de Jogos\Pac_man\Help\Working\Output\HtmlHelp1\styles\branding-es-ES.css
C:\Program Files (x86)\EWSoftware\Sandcastle Help File Builder\PresentationStyles\VS2013\styles\branding-fr-FR.css -&gt; C:\Users\nlopes\Documents\IPCA\EDJD\code\T&#233;cnicas de Desenvolvimento de Jogos\Pac_man\Help\Working\Output\HtmlHelp1\styles\branding-fr-FR.css
C:\Program Files (x86)\EWSoftware\Sandcastle Help File Builder\PresentationStyles\VS2013\styles\branding-Help1.css -&gt; C:\Users\nlopes\Documents\IPCA\EDJD\code\T&#233;cnicas de Desenvolvimento de Jogos\Pac_man\Help\Working\Output\HtmlHelp1\styles\branding-Help1.css
C:\Program Files (x86)\EWSoftware\Sandcastle Help File Builder\PresentationStyles\VS2013\styles\branding-Help2.css -&gt; C:\Users\nlopes\Documents\IPCA\EDJD\code\T&#233;cnicas de Desenvolvimento de Jogos\Pac_man\Help\Working\Output\HtmlHelp1\styles\branding-Help2.css
C:\Program Files (x86)\EWSoftware\Sandcastle Help File Builder\PresentationStyles\VS2013\styles\branding-HelpViewer.css -&gt; C:\Users\nlopes\Documents\IPCA\EDJD\code\T&#233;cnicas de Desenvolvimento de Jogos\Pac_man\Help\Working\Output\HtmlHelp1\styles\branding-HelpViewer.css
C:\Program Files (x86)\EWSoftware\Sandcastle Help File Builder\PresentationStyles\VS2013\styles\branding-it-IT.css -&gt; C:\Users\nlopes\Documents\IPCA\EDJD\code\T&#233;cnicas de Desenvolvimento de Jogos\Pac_man\Help\Working\Output\HtmlHelp1\styles\branding-it-IT.css
C:\Program Files (x86)\EWSoftware\Sandcastle Help File Builder\PresentationStyles\VS2013\styles\branding-ja-JP.css -&gt; C:\Users\nlopes\Documents\IPCA\EDJD\code\T&#233;cnicas de Desenvolvimento de Jogos\Pac_man\Help\Working\Output\HtmlHelp1\styles\branding-ja-JP.css
C:\Program Files (x86)\EWSoftware\Sandcastle Help File Builder\PresentationStyles\VS2013\styles\branding-ko-KR.css -&gt; C:\Users\nlopes\Documents\IPCA\EDJD\code\T&#233;cnicas de Desenvolvimento de Jogos\Pac_man\Help\Working\Output\HtmlHelp1\styles\branding-ko-KR.css
C:\Program Files (x86)\EWSoftware\Sandcastle Help File Builder\PresentationStyles\VS2013\styles\branding-pl-PL.css -&gt; C:\Users\nlopes\Documents\IPCA\EDJD\code\T&#233;cnicas de Desenvolvimento de Jogos\Pac_man\Help\Working\Output\HtmlHelp1\styles\branding-pl-PL.css
C:\Program Files (x86)\EWSoftware\Sandcastle Help File Builder\PresentationStyles\VS2013\styles\branding-pt-BR.css -&gt; C:\Users\nlopes\Documents\IPCA\EDJD\code\T&#233;cnicas de Desenvolvimento de Jogos\Pac_man\Help\Working\Output\HtmlHelp1\styles\branding-pt-BR.css
C:\Program Files (x86)\EWSoftware\Sandcastle Help File Builder\PresentationStyles\VS2013\styles\branding-ru-RU.css -&gt; C:\Users\nlopes\Documents\IPCA\EDJD\code\T&#233;cnicas de Desenvolvimento de Jogos\Pac_man\Help\Working\Output\HtmlHelp1\styles\branding-ru-RU.css
C:\Program Files (x86)\EWSoftware\Sandcastle Help File Builder\PresentationStyles\VS2013\styles\branding-tr-TR.css -&gt; C:\Users\nlopes\Documents\IPCA\EDJD\code\T&#233;cnicas de Desenvolvimento de Jogos\Pac_man\Help\Working\Output\HtmlHelp1\styles\branding-tr-TR.css
C:\Program Files (x86)\EWSoftware\Sandcastle Help File Builder\PresentationStyles\VS2013\styles\branding-Website.css -&gt; C:\Users\nlopes\Documents\IPCA\EDJD\code\T&#233;cnicas de Desenvolvimento de Jogos\Pac_man\Help\Working\Output\HtmlHelp1\styles\branding-Website.css
C:\Program Files (x86)\EWSoftware\Sandcastle Help File Builder\PresentationStyles\VS2013\styles\branding-zh-CN.css -&gt; C:\Users\nlopes\Documents\IPCA\EDJD\code\T&#233;cnicas de Desenvolvimento de Jogos\Pac_man\Help\Working\Output\HtmlHelp1\styles\branding-zh-CN.css
C:\Program Files (x86)\EWSoftware\Sandcastle Help File Builder\PresentationStyles\VS2013\styles\branding-zh-TW.css -&gt; C:\Users\nlopes\Documents\IPCA\EDJD\code\T&#233;cnicas de Desenvolvimento de Jogos\Pac_man\Help\Working\Output\HtmlHelp1\styles\branding-zh-TW.css
C:\Program Files (x86)\EWSoftware\Sandcastle Help File Builder\PresentationStyles\VS2013\styles\branding.css -&gt; C:\Users\nlopes\Documents\IPCA\EDJD\code\T&#233;cnicas de Desenvolvimento de Jogos\Pac_man\Help\Working\Output\HtmlHelp1\styles\branding.css
    Last step completed in 00:00:02,2441
</buildStep>
<buildStep step="GenerateHelpFormatTableOfContents">
Generating HTML Help 1 table of contents file...
    Last step completed in 00:00:00,0030
</buildStep>
<buildStep step="GenerateHelpFileIndex">
Generating HTML Help 1 index file...
    Last step completed in 00:00:00,0020
</buildStep>
<buildStep step="GenerateHelpProject">
Generating HTML Help 1 project file...
    Last step completed in 00:00:00,0480
</buildStep>
<buildStep step="CompilingHelpFile">
Compiling HTML Help 1 file...
[C:\windows\Microsoft.NET\Framework64\v4.0.30319\MSBuild.exe]
  Microsoft HTML Help Compiler 4.74.8702
  
  
  
  Compiling c:\Users\nlopes\Documents\IPCA\EDJD\code\T&#233;cnicas de Desenvolvimento de Jogos\Pac_man\Help\Working\Output\HtmlHelp1\Documentation.chm
  
  
  
  
  
  Compile time: 0 minutes, 2 seconds
  
  214	Topics
  
  3,215	Local links
  
  676	Internet links
  
  0	Graphics
  
  
  
  
  
  Created c:\Users\nlopes\Documents\IPCA\EDJD\code\T&#233;cnicas de Desenvolvimento de Jogos\Pac_man\Help\Working\Output\HtmlHelp1\Documentation.chm, 308,195 bytes
  
  Compression decreased file by 1,592,442 bytes.
  
    Last step completed in 00:00:04,3803
</buildStep>
<buildStep step="CleanIntermediates">
Removing intermediate files...
    Last step completed in 00:00:00,3350
</buildStep>
<buildStep step="Completed">

Build completed successfully at 01-06-2015 23:53:06.  Total time: 00:01:18,2185

</buildStep>
</shfbBuild>
